<?xml version="1.0" encoding="utf-8"?><testsuites name="pytest tests"><testsuite name="pytest" errors="0" failures="0" skipped="0" tests="21" time="0.921" timestamp="2026-01-24T16:46:20.555254+00:00" hostname="agent-env-b73fdc03-5918-4c2f-9d49-b980e102962c"><testcase classname="tests.test_accounting_crud.TestAccountingHealth" name="test_api_connectivity" time="0.332" /><testcase classname="tests.test_accounting_crud.TestAccountingHealth" name="test_account_types_endpoint" time="0.007" /><testcase classname="tests.test_accounting_crud.TestListAccounts" name="test_list_all_accounts" time="0.024" /><testcase classname="tests.test_accounting_crud.TestListAccounts" name="test_filter_by_type_equity" time="0.011" /><testcase classname="tests.test_accounting_crud.TestListAccounts" name="test_filter_by_type_asset" time="0.013" /><testcase classname="tests.test_accounting_crud.TestListAccounts" name="test_filter_by_type_liability" time="0.013" /><testcase classname="tests.test_accounting_crud.TestListAccounts" name="test_filter_by_type_expense" time="0.012" /><testcase classname="tests.test_accounting_crud.TestListAccounts" name="test_filter_by_type_income" time="0.009" /><testcase classname="tests.test_accounting_crud.TestListAccounts" name="test_search_by_code" time="0.008" /><testcase classname="tests.test_accounting_crud.TestListAccounts" name="test_search_by_name" time="0.008" /><testcase classname="tests.test_accounting_crud.TestAccountCRUD" name="test_create_custom_account" time="0.008" /><testcase classname="tests.test_accounting_crud.TestAccountCRUD" name="test_get_created_account" time="0.048" /><testcase classname="tests.test_accounting_crud.TestAccountCRUD" name="test_update_custom_account" time="0.059" /><testcase classname="tests.test_accounting_crud.TestAccountCRUD" name="test_delete_custom_account" time="0.059" /><testcase classname="tests.test_accounting_crud.TestSystemAccountProtection" name="test_cannot_delete_system_account" time="0.058" /><testcase classname="tests.test_accounting_crud.TestSystemAccountProtection" name="test_can_update_system_account_notes" time="0.018" /><testcase classname="tests.test_accounting_crud.TestValidation" name="test_duplicate_code_rejected" time="0.049" /><testcase classname="tests.test_accounting_crud.TestValidation" name="test_get_nonexistent_account" time="0.008" /><testcase classname="tests.test_accounting_crud.TestValidation" name="test_unauthorized_access" time="0.039" /><testcase classname="tests.test_accounting_crud.TestAccountStructure" name="test_account_has_required_fields" time="0.037" /><testcase classname="tests.test_accounting_crud.TestAccountStructure" name="test_hierarchical_structure" time="0.022" /></testsuite></testsuites>