<?xml version="1.0" encoding="utf-8"?><testsuites name="pytest tests"><testsuite name="pytest" errors="0" failures="13" skipped="0" tests="17" time="6.017" timestamp="2026-01-24T15:29:48.529002+00:00" hostname="agent-env-2a8ed46b-e50b-4d70-b79b-278b563be4e4"><testcase classname="backend.tests.test_invoices_crud" name="test_api_reachable" time="0.073" /><testcase classname="backend.tests.test_invoices_crud" name="test_login_and_get_company" time="0.337" /><testcase classname="backend.tests.test_invoices_crud" name="test_create_customer" time="0.350"><failure message="AssertionError: Create customer failed: {&quot;detail&quot;:&quot;Not authenticated&quot;}&#10;assert 403 == 201&#10; +  where 403 = &lt;Response [403]&gt;.status_code">backend/tests/test_invoices_crud.py:102: in test_create_customer
    assert response.status_code == 201, f"Create customer failed: {response.text}"
E   AssertionError: Create customer failed: {"detail":"Not authenticated"}
E   assert 403 == 201
E    +  where 403 = &lt;Response [403]&gt;.status_code</failure></testcase><testcase classname="backend.tests.test_invoices_crud" name="test_list_customers" time="0.346"><failure message="AssertionError: List customers failed: {&quot;detail&quot;:&quot;Not authenticated&quot;}&#10;assert 403 == 200&#10; +  where 403 = &lt;Response [403]&gt;.status_code">backend/tests/test_invoices_crud.py:118: in test_list_customers
    assert response.status_code == 200, f"List customers failed: {response.text}"
E   AssertionError: List customers failed: {"detail":"Not authenticated"}
E   assert 403 == 200
E    +  where 403 = &lt;Response [403]&gt;.status_code</failure></testcase><testcase classname="backend.tests.test_invoices_crud" name="test_create_product" time="0.355"><failure message="AssertionError: Create product failed: {&quot;detail&quot;:&quot;Not authenticated&quot;}&#10;assert 403 == 201&#10; +  where 403 = &lt;Response [403]&gt;.status_code">backend/tests/test_invoices_crud.py:144: in test_create_product
    assert response.status_code == 201, f"Create product failed: {response.text}"
E   AssertionError: Create product failed: {"detail":"Not authenticated"}
E   assert 403 == 201
E    +  where 403 = &lt;Response [403]&gt;.status_code</failure></testcase><testcase classname="backend.tests.test_invoices_crud" name="test_list_products" time="0.364"><failure message="AssertionError: List products failed: {&quot;detail&quot;:&quot;Not authenticated&quot;}&#10;assert 403 == 200&#10; +  where 403 = &lt;Response [403]&gt;.status_code">backend/tests/test_invoices_crud.py:160: in test_list_products
    assert response.status_code == 200, f"List products failed: {response.text}"
E   AssertionError: List products failed: {"detail":"Not authenticated"}
E   assert 403 == 200
E    +  where 403 = &lt;Response [403]&gt;.status_code</failure></testcase><testcase classname="backend.tests.test_invoices_crud" name="test_create_invoice" time="0.427"><failure message="AssertionError: Could not get/create customer&#10;assert None is not None">backend/tests/test_invoices_crud.py:173: in test_create_invoice
    assert customer_id is not None, "Could not get/create customer"
E   AssertionError: Could not get/create customer
E   assert None is not None</failure></testcase><testcase classname="backend.tests.test_invoices_crud" name="test_list_invoices" time="0.352"><failure message="AssertionError: List invoices failed: {&quot;detail&quot;:&quot;Not authenticated&quot;}&#10;assert 403 == 200&#10; +  where 403 = &lt;Response [403]&gt;.status_code">backend/tests/test_invoices_crud.py:217: in test_list_invoices
    assert response.status_code == 200, f"List invoices failed: {response.text}"
E   AssertionError: List invoices failed: {"detail":"Not authenticated"}
E   assert 403 == 200
E    +  where 403 = &lt;Response [403]&gt;.status_code</failure></testcase><testcase classname="backend.tests.test_invoices_crud" name="test_get_invoice_by_id" time="0.400"><failure message="AssertionError: Could not get/create customer&#10;assert None is not None">backend/tests/test_invoices_crud.py:240: in test_get_invoice_by_id
    assert customer_id is not None, "Could not get/create customer"
E   AssertionError: Could not get/create customer
E   assert None is not None</failure></testcase><testcase classname="backend.tests.test_invoices_crud" name="test_update_invoice" time="0.427"><failure message="AssertionError: Could not get/create customer&#10;assert None is not None">backend/tests/test_invoices_crud.py:280: in test_update_invoice
    assert customer_id is not None, "Could not get/create customer"
E   AssertionError: Could not get/create customer
E   assert None is not None</failure></testcase><testcase classname="backend.tests.test_invoices_crud" name="test_delete_invoice" time="0.405"><failure message="AssertionError: Could not get/create customer&#10;assert None is not None">backend/tests/test_invoices_crud.py:334: in test_delete_invoice
    assert customer_id is not None, "Could not get/create customer"
E   AssertionError: Could not get/create customer
E   assert None is not None</failure></testcase><testcase classname="backend.tests.test_invoices_crud" name="test_send_invoice" time="0.396"><failure message="AssertionError: Could not get/create customer&#10;assert None is not None">backend/tests/test_invoices_crud.py:380: in test_send_invoice
    assert customer_id is not None, "Could not get/create customer"
E   AssertionError: Could not get/create customer
E   assert None is not None</failure></testcase><testcase classname="backend.tests.test_invoices_crud" name="test_mark_invoice_paid" time="0.390"><failure message="AssertionError: Could not get/create customer&#10;assert None is not None">backend/tests/test_invoices_crud.py:427: in test_mark_invoice_paid
    assert customer_id is not None, "Could not get/create customer"
E   AssertionError: Could not get/create customer
E   assert None is not None</failure></testcase><testcase classname="backend.tests.test_invoices_crud" name="test_partial_payment" time="0.440"><failure message="AssertionError: Could not get/create customer&#10;assert None is not None">backend/tests/test_invoices_crud.py:477: in test_partial_payment
    assert customer_id is not None, "Could not get/create customer"
E   AssertionError: Could not get/create customer
E   assert None is not None</failure></testcase><testcase classname="backend.tests.test_invoices_crud" name="test_create_invoice_without_customer" time="0.341"><failure message="AssertionError: Expected 422 for missing customer_id, got 403&#10;assert 403 == 422&#10; +  where 403 = &lt;Response [403]&gt;.status_code">backend/tests/test_invoices_crud.py:540: in test_create_invoice_without_customer
    assert response.status_code == 422, f"Expected 422 for missing customer_id, got {response.status_code}"
E   AssertionError: Expected 422 for missing customer_id, got 403
E   assert 403 == 422
E    +  where 403 = &lt;Response [403]&gt;.status_code</failure></testcase><testcase classname="backend.tests.test_invoices_crud" name="test_get_nonexistent_invoice" time="0.345" /><testcase classname="backend.tests.test_invoices_crud" name="test_invoice_unauthenticated" time="0.086" /></testsuite></testsuites>