<?xml version="1.0" encoding="utf-8"?><testsuites name="pytest tests"><testsuite name="pytest" errors="0" failures="0" skipped="0" tests="17" time="41.765" timestamp="2026-01-24T15:31:59.760920+00:00" hostname="agent-env-2a8ed46b-e50b-4d70-b79b-278b563be4e4"><testcase classname="backend.tests.test_invoices_crud" name="test_api_reachable" time="0.055" /><testcase classname="backend.tests.test_invoices_crud" name="test_login_and_get_company" time="0.332" /><testcase classname="backend.tests.test_invoices_crud" name="test_create_customer" time="0.332" /><testcase classname="backend.tests.test_invoices_crud" name="test_list_customers" time="0.334" /><testcase classname="backend.tests.test_invoices_crud" name="test_create_product" time="0.396" /><testcase classname="backend.tests.test_invoices_crud" name="test_list_products" time="0.356" /><testcase classname="backend.tests.test_invoices_crud" name="test_create_invoice" time="0.455" /><testcase classname="backend.tests.test_invoices_crud" name="test_list_invoices" time="0.337" /><testcase classname="backend.tests.test_invoices_crud" name="test_get_invoice_by_id" time="0.429" /><testcase classname="backend.tests.test_invoices_crud" name="test_update_invoice" time="0.487" /><testcase classname="backend.tests.test_invoices_crud" name="test_delete_invoice" time="0.455" /><testcase classname="backend.tests.test_invoices_crud" name="test_send_invoice" time="0.437" /><testcase classname="backend.tests.test_invoices_crud" name="test_mark_invoice_paid" time="5.596" /><testcase classname="backend.tests.test_invoices_crud" name="test_partial_payment" time="30.965" /><testcase classname="backend.tests.test_invoices_crud" name="test_create_invoice_without_customer" time="0.340" /><testcase classname="backend.tests.test_invoices_crud" name="test_get_nonexistent_invoice" time="0.335" /><testcase classname="backend.tests.test_invoices_crud" name="test_invoice_unauthenticated" time="0.033" /></testsuite></testsuites>