<?xml version="1.0" encoding="utf-8"?><testsuites name="pytest tests"><testsuite name="pytest" errors="0" failures="0" skipped="0" tests="30" time="1.621" timestamp="2026-01-24T17:02:54.730678+00:00" hostname="agent-env-b73fdc03-5918-4c2f-9d49-b980e102962c"><testcase classname="backend.tests.test_journal_entries.TestAccountingDashboard" name="test_get_dashboard" time="0.360" /><testcase classname="backend.tests.test_journal_entries.TestAccountingDashboard" name="test_dashboard_by_type_structure" time="0.014" /><testcase classname="backend.tests.test_journal_entries.TestAccountingDashboard" name="test_dashboard_entries_structure" time="0.012" /><testcase classname="backend.tests.test_journal_entries.TestJournalEntriesList" name="test_list_entries" time="0.011" /><testcase classname="backend.tests.test_journal_entries.TestJournalEntriesList" name="test_list_entries_filter_by_status" time="0.106" /><testcase classname="backend.tests.test_journal_entries.TestJournalEntriesList" name="test_list_entries_filter_by_journal_type" time="0.122" /><testcase classname="backend.tests.test_journal_entries.TestJournalEntriesList" name="test_get_entry_stats" time="0.007" /><testcase classname="backend.tests.test_journal_entries.TestJournalEntryCRUD" name="test_create_journal_entry" time="0.072" /><testcase classname="backend.tests.test_journal_entries.TestJournalEntryCRUD" name="test_get_created_entry" time="0.049" /><testcase classname="backend.tests.test_journal_entries.TestJournalEntryCRUD" name="test_update_draft_entry" time="0.019" /><testcase classname="backend.tests.test_journal_entries.TestJournalEntryValidation" name="test_unbalanced_entry_rejected" time="0.029" /><testcase classname="backend.tests.test_journal_entries.TestJournalEntryValidation" name="test_invalid_account_code_rejected" time="0.051" /><testcase classname="backend.tests.test_journal_entries.TestJournalEntryPostAndCancel" name="test_post_entry" time="0.091" /><testcase classname="backend.tests.test_journal_entries.TestJournalEntryPostAndCancel" name="test_cannot_update_posted_entry" time="0.009" /><testcase classname="backend.tests.test_journal_entries.TestJournalEntryPostAndCancel" name="test_cannot_delete_posted_entry" time="0.049" /><testcase classname="backend.tests.test_journal_entries.TestJournalEntryPostAndCancel" name="test_cancel_posted_entry" time="0.058" /><testcase classname="backend.tests.test_journal_entries.TestJournalEntryPostAndCancel" name="test_cannot_post_cancelled_entry" time="0.008" /><testcase classname="backend.tests.test_journal_entries.TestGeneralLedger" name="test_get_general_ledger" time="0.049" /><testcase classname="backend.tests.test_journal_entries.TestGeneralLedger" name="test_general_ledger_structure" time="0.010" /><testcase classname="backend.tests.test_journal_entries.TestGeneralLedger" name="test_general_ledger_filter_by_account" time="0.017" /><testcase classname="backend.tests.test_journal_entries.TestGeneralLedger" name="test_general_ledger_filter_by_date" time="0.050" /><testcase classname="backend.tests.test_journal_entries.TestTrialBalance" name="test_get_trial_balance" time="0.009" /><testcase classname="backend.tests.test_journal_entries.TestTrialBalance" name="test_trial_balance_totals_structure" time="0.050" /><testcase classname="backend.tests.test_journal_entries.TestTrialBalance" name="test_trial_balance_account_structure" time="0.052" /><testcase classname="backend.tests.test_journal_entries.TestTrialBalance" name="test_trial_balance_filter_by_date" time="0.012" /><testcase classname="backend.tests.test_journal_entries.TestCleanup" name="test_delete_draft_entry" time="0.008" /><testcase classname="backend.tests.test_journal_entries.TestAuthentication" name="test_unauthorized_dashboard_access" time="0.039" /><testcase classname="backend.tests.test_journal_entries.TestAuthentication" name="test_unauthorized_journal_entries_access" time="0.038" /><testcase classname="backend.tests.test_journal_entries.TestAuthentication" name="test_unauthorized_general_ledger_access" time="0.042" /><testcase classname="backend.tests.test_journal_entries.TestAuthentication" name="test_unauthorized_trial_balance_access" time="0.076" /></testsuite></testsuites>