<?xml version="1.0" encoding="utf-8"?><testsuites name="pytest tests"><testsuite name="pytest" errors="0" failures="0" skipped="0" tests="16" time="1.134" timestamp="2026-01-24T22:44:05.467363+00:00" hostname="agent-env-9dcd887e-47f5-4769-aab2-a48ff123847e"><testcase classname="backend.tests.test_products_import_export.TestProductsList" name="test_list_products" time="0.374" /><testcase classname="backend.tests.test_products_import_export.TestExportTemplate" name="test_download_template" time="0.017" /><testcase classname="backend.tests.test_products_import_export.TestExportStock" name="test_export_stock_state" time="0.056" /><testcase classname="backend.tests.test_products_import_export.TestExportPrices" name="test_export_price_list" time="0.061" /><testcase classname="backend.tests.test_products_import_export.TestImportProducts" name="test_import_products_csv" time="0.050" /><testcase classname="backend.tests.test_products_import_export.TestImportProducts" name="test_import_products_missing_title" time="0.050" /><testcase classname="backend.tests.test_products_import_export.TestImportProducts" name="test_import_without_file" time="0.040" /><testcase classname="backend.tests.test_products_import_export.TestBulkDelete" name="test_bulk_delete_products" time="0.058" /><testcase classname="backend.tests.test_products_import_export.TestBulkDelete" name="test_bulk_delete_empty_list" time="0.041" /><testcase classname="backend.tests.test_products_import_export.TestProductCRUD" name="test_create_product" time="0.015" /><testcase classname="backend.tests.test_products_import_export.TestProductCRUD" name="test_get_product" time="0.051" /><testcase classname="backend.tests.test_products_import_export.TestProductCRUD" name="test_update_product" time="0.066" /><testcase classname="backend.tests.test_products_import_export.TestProductCRUD" name="test_delete_product" time="0.067" /><testcase classname="backend.tests.test_products_import_export.TestAuthentication" name="test_list_products_without_auth" time="0.036" /><testcase classname="backend.tests.test_products_import_export.TestAuthentication" name="test_export_without_auth" time="0.034" /><testcase classname="backend.tests.test_products_import_export.TestAuthentication" name="test_import_without_auth" time="0.036" /></testsuite></testsuites>