<?xml version="1.0" encoding="utf-8"?><testsuites name="pytest tests"><testsuite name="pytest" errors="0" failures="4" skipped="3" tests="16" time="0.983" timestamp="2026-01-24T22:43:01.674100+00:00" hostname="agent-env-9dcd887e-47f5-4769-aab2-a48ff123847e"><testcase classname="backend.tests.test_products_import_export.TestProductsList" name="test_list_products" time="0.354" /><testcase classname="backend.tests.test_products_import_export.TestExportTemplate" name="test_download_template" time="0.011" /><testcase classname="backend.tests.test_products_import_export.TestExportStock" name="test_export_stock_state" time="0.053" /><testcase classname="backend.tests.test_products_import_export.TestExportPrices" name="test_export_price_list" time="0.013" /><testcase classname="backend.tests.test_products_import_export.TestImportProducts" name="test_import_products_csv" time="0.037" /><testcase classname="backend.tests.test_products_import_export.TestImportProducts" name="test_import_products_missing_title" time="0.044" /><testcase classname="backend.tests.test_products_import_export.TestImportProducts" name="test_import_without_file" time="0.037" /><testcase classname="backend.tests.test_products_import_export.TestBulkDelete" name="test_bulk_delete_products" time="0.087" /><testcase classname="backend.tests.test_products_import_export.TestBulkDelete" name="test_bulk_delete_empty_list" time="0.076" /><testcase classname="backend.tests.test_products_import_export.TestProductCRUD" name="test_create_product" time="0.012"><failure message="assert 422 == 201&#10; +  where 422 = &lt;Response [422]&gt;.status_code">backend/tests/test_products_import_export.py:270: in test_create_product
    assert response.status_code == 201
E   assert 422 == 201
E    +  where 422 = &lt;Response [422]&gt;.status_code</failure></testcase><testcase classname="backend.tests.test_products_import_export.TestProductCRUD" name="test_get_product" time="0.000"><skipped type="pytest.skip" message="No product created to get">/app/backend/tests/test_products_import_export.py:281: No product created to get</skipped></testcase><testcase classname="backend.tests.test_products_import_export.TestProductCRUD" name="test_update_product" time="0.000"><skipped type="pytest.skip" message="No product created to update">/app/backend/tests/test_products_import_export.py:294: No product created to update</skipped></testcase><testcase classname="backend.tests.test_products_import_export.TestProductCRUD" name="test_delete_product" time="0.000"><skipped type="pytest.skip" message="No product created to delete">/app/backend/tests/test_products_import_export.py:318: No product created to delete</skipped></testcase><testcase classname="backend.tests.test_products_import_export.TestAuthentication" name="test_list_products_without_auth" time="0.033"><failure message="assert 403 == 401&#10; +  where 403 = &lt;Response [403]&gt;.status_code">backend/tests/test_products_import_export.py:334: in test_list_products_without_auth
    assert response.status_code == 401
E   assert 403 == 401
E    +  where 403 = &lt;Response [403]&gt;.status_code</failure></testcase><testcase classname="backend.tests.test_products_import_export.TestAuthentication" name="test_export_without_auth" time="0.033"><failure message="assert 403 == 401&#10; +  where 403 = &lt;Response [403]&gt;.status_code">backend/tests/test_products_import_export.py:339: in test_export_without_auth
    assert response.status_code == 401
E   assert 403 == 401
E    +  where 403 = &lt;Response [403]&gt;.status_code</failure></testcase><testcase classname="backend.tests.test_products_import_export.TestAuthentication" name="test_import_without_auth" time="0.036"><failure message="assert 403 == 401&#10; +  where 403 = &lt;Response [403]&gt;.status_code">backend/tests/test_products_import_export.py:344: in test_import_without_auth
    assert response.status_code == 401
E   assert 403 == 401
E    +  where 403 = &lt;Response [403]&gt;.status_code</failure></testcase></testsuite></testsuites>