<?xml version="1.0" encoding="utf-8"?><testsuites name="pytest tests"><testsuite name="pytest" errors="0" failures="0" skipped="0" tests="15" time="3.649" timestamp="2026-01-24T13:48:03.039368+00:00" hostname="agent-env-e09e1f28-4b77-4ec0-98ca-96262dd30ce2"><testcase classname="backend.tests.test_auth_companies.TestHealthCheck" name="test_api_reachable" time="0.068" /><testcase classname="backend.tests.test_auth_companies.TestAuthRegister" name="test_register_new_user_with_company" time="0.330" /><testcase classname="backend.tests.test_auth_companies.TestAuthRegister" name="test_register_new_user_without_company" time="0.260" /><testcase classname="backend.tests.test_auth_companies.TestAuthRegister" name="test_register_duplicate_email" time="0.301" /><testcase classname="backend.tests.test_auth_companies.TestAuthLogin" name="test_login_existing_user_with_company" time="0.262" /><testcase classname="backend.tests.test_auth_companies.TestAuthLogin" name="test_login_existing_user_without_company" time="0.259" /><testcase classname="backend.tests.test_auth_companies.TestAuthLogin" name="test_login_invalid_credentials" time="0.277" /><testcase classname="backend.tests.test_auth_companies.TestAuthLogin" name="test_login_nonexistent_user" time="0.034" /><testcase classname="backend.tests.test_auth_companies.TestAuthMe" name="test_get_me_authenticated" time="0.338" /><testcase classname="backend.tests.test_auth_companies.TestAuthMe" name="test_get_me_unauthenticated" time="0.034" /><testcase classname="backend.tests.test_auth_companies.TestCompaniesAPI" name="test_list_companies" time="0.292" /><testcase classname="backend.tests.test_auth_companies.TestCompaniesAPI" name="test_create_company" time="0.327" /><testcase classname="backend.tests.test_auth_companies.TestCompaniesAPI" name="test_create_company_unauthenticated" time="0.031" /><testcase classname="backend.tests.test_auth_companies.TestCompaniesAPI" name="test_get_company_by_id" time="0.330" /><testcase classname="backend.tests.test_auth_companies.TestOnboardingFlow" name="test_full_registration_to_company_flow" time="0.381" /></testsuite></testsuites>