<?xml version="1.0" encoding="utf-8"?><testsuites name="pytest tests"><testsuite name="pytest" errors="0" failures="3" skipped="0" tests="15" time="3.710" timestamp="2026-01-24T13:47:34.373471+00:00" hostname="agent-env-e09e1f28-4b77-4ec0-98ca-96262dd30ce2"><testcase classname="backend.tests.test_auth_companies.TestHealthCheck" name="test_api_reachable" time="0.085" /><testcase classname="backend.tests.test_auth_companies.TestAuthRegister" name="test_register_new_user_with_company" time="0.332" /><testcase classname="backend.tests.test_auth_companies.TestAuthRegister" name="test_register_new_user_without_company" time="0.264" /><testcase classname="backend.tests.test_auth_companies.TestAuthRegister" name="test_register_duplicate_email" time="0.307" /><testcase classname="backend.tests.test_auth_companies.TestAuthLogin" name="test_login_existing_user_with_company" time="0.258" /><testcase classname="backend.tests.test_auth_companies.TestAuthLogin" name="test_login_existing_user_without_company" time="0.261" /><testcase classname="backend.tests.test_auth_companies.TestAuthLogin" name="test_login_invalid_credentials" time="0.264" /><testcase classname="backend.tests.test_auth_companies.TestAuthLogin" name="test_login_nonexistent_user" time="0.037" /><testcase classname="backend.tests.test_auth_companies.TestAuthMe" name="test_get_me_authenticated" time="0.340" /><testcase classname="backend.tests.test_auth_companies.TestAuthMe" name="test_get_me_unauthenticated" time="0.038"><failure message="AssertionError: Expected 401, got 403&#10;assert 403 == 401&#10; +  where 403 = &lt;Response [403]&gt;.status_code">backend/tests/test_auth_companies.py:189: in test_get_me_unauthenticated
    assert response.status_code == 401, f"Expected 401, got {response.status_code}"
E   AssertionError: Expected 401, got 403
E   assert 403 == 401
E    +  where 403 = &lt;Response [403]&gt;.status_code</failure></testcase><testcase classname="backend.tests.test_auth_companies.TestCompaniesAPI" name="test_list_companies" time="0.295" /><testcase classname="backend.tests.test_auth_companies.TestCompaniesAPI" name="test_create_company" time="0.347" /><testcase classname="backend.tests.test_auth_companies.TestCompaniesAPI" name="test_create_company_unauthenticated" time="0.033"><failure message="AssertionError: Expected 401, got 403&#10;assert 403 == 401&#10; +  where 403 = &lt;Response [403]&gt;.status_code">backend/tests/test_auth_companies.py:282: in test_create_company_unauthenticated
    assert response.status_code == 401, f"Expected 401, got {response.status_code}"
E   AssertionError: Expected 401, got 403
E   assert 403 == 401
E    +  where 403 = &lt;Response [403]&gt;.status_code</failure></testcase><testcase classname="backend.tests.test_auth_companies.TestCompaniesAPI" name="test_get_company_by_id" time="0.336"><failure message="AssertionError: Get company failed: {&quot;detail&quot;:&quot;Not authenticated&quot;}&#10;assert 403 == 200&#10; +  where 403 = &lt;Response [403]&gt;.status_code">backend/tests/test_auth_companies.py:303: in test_get_company_by_id
    assert response.status_code == 200, f"Get company failed: {response.text}"
E   AssertionError: Get company failed: {"detail":"Not authenticated"}
E   assert 403 == 200
E    +  where 403 = &lt;Response [403]&gt;.status_code</failure></testcase><testcase classname="backend.tests.test_auth_companies.TestOnboardingFlow" name="test_full_registration_to_company_flow" time="0.360" /></testsuite></testsuites>